The system is: Linux - 5.15.90.1-microsoft-standard-WSL2 - x86_64
Compiling the C compiler identification source file "CMakeCCompilerId.c" succeeded.
Compiler: /usr/bin/cc 
Build flags: 
Id flags:  

The output was:
0


Compilation of the C compiler identification source "CMakeCCompilerId.c" produced "a.out"

The C compiler identification is GNU, found in "/mnt/c/Users/evana/Desktop/GitRepos/DigipenGit/2023/Precedence/src/CMakeFiles/3.16.3/CompilerIdC/a.out"

Compiling the CXX compiler identification source file "CMakeCXXCompilerId.cpp" succeeded.
Compiler: /usr/bin/c++ 
Build flags: 
Id flags:  

The output was:
0


Compilation of the CXX compiler identification source "CMakeCXXCompilerId.cpp" produced "a.out"

The CXX compiler identification is GNU, found in "/mnt/c/Users/evana/Desktop/GitRepos/DigipenGit/2023/Precedence/src/CMakeFiles/3.16.3/CompilerIdCXX/a.out"

Determining if the C compiler works passed with the following output:
Change Dir: /mnt/c/Users/evana/Desktop/GitRepos/DigipenGit/2023/Precedence/src/CMakeFiles/CMakeTmp

Run Build Command(s):/usr/bin/make cmTC_75885/fast && /usr/bin/make -f CMakeFiles/cmTC_75885.dir/build.make CMakeFiles/cmTC_75885.dir/build
make[1]: Entering directory '/mnt/c/Users/evana/Desktop/GitRepos/DigipenGit/2023/Precedence/src/CMakeFiles/CMakeTmp'
Building C object CMakeFiles/cmTC_75885.dir/testCCompiler.c.o
/usr/bin/cc    -o CMakeFiles/cmTC_75885.dir/testCCompiler.c.o   -c /mnt/c/Users/evana/Desktop/GitRepos/DigipenGit/2023/Precedence/src/CMakeFiles/CMakeTmp/testCCompiler.c
Linking C executable cmTC_75885
/usr/bin/cmake -E cmake_link_script CMakeFiles/cmTC_75885.dir/link.txt --verbose=1
/usr/bin/cc      -rdynamic CMakeFiles/cmTC_75885.dir/testCCompiler.c.o  -o cmTC_75885 
make[1]: Leaving directory '/mnt/c/Users/evana/Desktop/GitRepos/DigipenGit/2023/Precedence/src/CMakeFiles/CMakeTmp'



